2026-06-23 14:15:23,703 - INFO - К№УГКөКұ»гВК: 1 VND = 0.000257 CNY (АҙЧФ exchangerates) - 30388
2026-06-23 14:15:23,708 - DEBUG - Starting new HTTPS connection (1): oa.tripto.cn:443 - 30388
2026-06-23 14:15:23,885 - DEBUG - https://oa.tripto.cn:443 "GET /flightoa/order/addorderlog?orderid=TEST_VU_001&operator=robot&optname=%E5%BC%80%E5%A7%8B%E8%AE%A2%E7%A5%A8&optdesc=VU%20B2B%20%E8%AE%A2%E7%A5%A8,%20%E8%88%AA%E7%8F%AD:VU750,%20%E6%97%A5%E6%9C%9F:2026-07-26,%20SGN-%3EHAN HTTP/1.1" 200 None - 30388
2026-06-23 14:15:23,888 - DEBUG - Starting new HTTPS connection (1): oa.tripto.cn:443 - 30388
2026-06-23 14:15:24,058 - DEBUG - https://oa.tripto.cn:443 "GET /flightoa/order/addorderlog?orderid=TEST_VU_001&operator=robot&optname=%E4%B9%98%E5%AE%A2%E4%BF%A1%E6%81%AF&optdesc=%E6%88%90%E4%BA%BA:2,%20%E5%84%BF%E7%AB%A5:0,%20%E5%A9%B4%E5%84%BF:0 HTTP/1.1" 200 None - 30388
2026-06-23 14:15:24,060 - INFO - К№УГҙъАн: proxy.astospider.com:9002 - 30388
2026-06-23 14:15:24,060 - INFO - B2B ҙъАнИЛөЗВј: УГ»§=ltzd01 - 30388
2026-06-23 14:15:24,062 - DEBUG - Starting new HTTPS connection (1): vietravel-api-ase1.ezycommerce.sabre.com:443 - 30388
2026-06-23 14:15:26,330 - DEBUG - https://vietravel-api-ase1.ezycommerce.sabre.com:443 "POST /api/v1/TravelAgent/Login HTTP/1.1" 200 None - 30388
2026-06-23 14:15:26,331 - INFO - B2B өЗВјіЙ№Ұ! IATA=81140021, »ъ№№=, ҝЙУГ¶о¶И=9901.53, ФӨё¶=True - 30388
2026-06-23 14:15:26,331 - DEBUG -   session_token(З°30): gtQvNrslbLnSvhi6CcyXnB02r+BH2h... - 30388
2026-06-23 14:15:26,331 - DEBUG -   agent_token(З°30): 7146cc1m6bz7h04ewad44cue48s8t3... - 30388
2026-06-23 14:15:26,331 - DEBUG -   БҪХЯПаН¬: False - 30388
2026-06-23 14:15:26,331 - DEBUG -   ЗеҝХ session_token (өЗВјКұөД: gtQvNrslbLnSvhi6CcyX...) - 30388
2026-06-23 14:15:26,332 - DEBUG -   ЛСЛч/ФӨ¶©Ҫ«К№УГ web НЁөАИ«РВ»б»°, Ц§ё¶КұЗР»Ш travelagent НЁөА - 30388
2026-06-23 14:15:26,332 - DEBUG - Starting new HTTPS connection (1): oa.tripto.cn:443 - 30388
2026-06-23 14:15:26,488 - DEBUG - https://oa.tripto.cn:443 "GET /flightoa/order/addorderlog?orderid=TEST_VU_001&operator=robot&optname=B2B%E7%99%BB%E5%BD%95&optdesc=%E4%BB%A3%E7%90%86%E4%BA%BA%E7%99%BB%E5%BD%95%E6%88%90%E5%8A%9F,%20IATA=81140021,%20%E6%9C%BA%E6%9E%84= HTTP/1.1" 200 None - 30388
2026-06-23 14:15:27,011 - DEBUG - https://vietravel-api-ase1.ezycommerce.sabre.com:443 "GET /api/v1/TravelAgent/Balance HTTP/1.1" 401 0 - 30388
2026-06-23 14:15:27,012 - WARNING - ІйСҜУа¶оК§°Ь: HTTP N/A - 30388
2026-06-23 14:15:27,012 - DEBUG - Starting new HTTPS connection (1): oa.tripto.cn:443 - 30388
2026-06-23 14:15:27,147 - DEBUG - https://oa.tripto.cn:443 "GET /flightoa/order/addorderlog?orderid=TEST_VU_001&operator=robot&optname=%E8%B4%A6%E6%88%B7%E4%BD%99%E9%A2%9D&optdesc=%E5%8F%AF%E7%94%A8%E9%A2%9D%E5%BA%A6(%E7%99%BB%E5%BD%95%E5%93%8D%E5%BA%94):%209901.53 HTTP/1.1" 200 None - 30388
2026-06-23 14:15:27,149 - DEBUG - Starting new HTTPS connection (1): oa.tripto.cn:443 - 30388
2026-06-23 14:15:27,306 - DEBUG - https://oa.tripto.cn:443 "GET /flightoa/order/addorderlog?orderid=TEST_VU_001&operator=robot&optname=%E6%90%9C%E7%B4%A2%E8%88%AA%E7%8F%AD%E4%B8%AD&optdesc=SGN%20-%3E%20HAN,%202026-07-26 HTTP/1.1" 200 None - 30388
2026-06-23 14:15:28,159 - DEBUG - https://vietravel-api-ase1.ezycommerce.sabre.com:443 "POST /api/v1/Availability/SearchShop HTTP/1.1" 200 None - 30388
2026-06-23 14:15:28,642 - DEBUG - Starting new HTTPS connection (1): oa.tripto.cn:443 - 30388
2026-06-23 14:15:28,790 - DEBUG - https://oa.tripto.cn:443 "GET /flightoa/order/addorderlog?orderid=TEST_VU_001&operator=robot&optname=%E6%90%9C%E7%B4%A2%E6%88%90%E5%8A%9F&optdesc=%E6%89%BE%E5%88%B0%205%20%E4%B8%AA%E8%88%AA%E7%8F%AD HTTP/1.1" 200 None - 30388
2026-06-23 14:15:28,791 - INFO -   ЖұјЫ[0]: name=Premium, fareBasis=WPRVNF, price=9158800.0 VND - 30388
2026-06-23 14:15:28,791 - INFO -   ЖұјЫ[1]: name=PREMIUM ECONOMY, fareBasis=JPRVNF, price=8467600.0 VND - 30388
2026-06-23 14:15:28,791 - INFO -   ЖұјЫ[2]: name=Economy Flex, fareBasis=QFLEOW, price=4920880.0 VND - 30388
2026-06-23 14:15:28,791 - WARNING -   ОҙХТөҪ Saver ЖұјЫ, ¶өөЧСЎФсЧоұгТЛ: name='Economy Flex', price=4920880.0 VND - 30388
2026-06-23 14:15:28,792 - DEBUG - Starting new HTTPS connection (1): oa.tripto.cn:443 - 30388
2026-06-23 14:15:28,917 - DEBUG - https://oa.tripto.cn:443 "GET /flightoa/order/addorderlog?orderid=TEST_VU_001&operator=robot&optname=%E9%80%89%E6%8B%A9%E8%88%AA%E7%8F%AD&optdesc=VU750%20%7C%20Economy%20Flex%20%7C%204,920,880%20VND HTTP/1.1" 200 None - 30388
2026-06-23 14:15:28,919 - DEBUG - Starting new HTTPS connection (1): oa.tripto.cn:443 - 30388
2026-06-23 14:15:29,065 - DEBUG - https://oa.tripto.cn:443 "GET /flightoa/order/addorderlog?orderid=TEST_VU_001&operator=robot&optname=%E6%8F%90%E4%BA%A4%E9%A2%84%E8%AE%A2%E4%B8%AD&optdesc=%E6%AD%A3%E5%9C%A8%E6%8F%90%E4%BA%A4%20PreBook... HTTP/1.1" 200 None - 30388
2026-06-23 14:15:31,241 - DEBUG - https://vietravel-api-ase1.ezycommerce.sabre.com:443 "POST /api/v1/Booking/PreBook HTTP/1.1" 200 None - 30388
2026-06-23 14:15:31,373 - DEBUG - Starting new HTTPS connection (1): oa.tripto.cn:443 - 30388
2026-06-23 14:15:31,511 - DEBUG - https://oa.tripto.cn:443 "GET /flightoa/order/addorderlog?orderid=TEST_VU_001&operator=robot&optname=PreBook%20%E6%88%90%E5%8A%9F&optdesc=%E9%A2%84%E8%AE%A2ID:4f97843jd18a948b52h94blfo647u9ncs9t2677fc54f,%20%E6%80%BB%E4%BB%B7:4,920,880%20VND HTTP/1.1" 200 None - 30388
2026-06-23 14:15:31,512 - DEBUG - Starting new HTTPS connection (1): oa.tripto.cn:443 - 30388
2026-06-23 14:15:31,675 - DEBUG - https://oa.tripto.cn:443 "GET /flightoa/order/addorderlog?orderid=TEST_VU_001&operator=robot&optname=%E4%BB%B7%E6%A0%BC%E6%A0%A1%E9%AA%8C&optdesc=VND%E6%80%BB%E4%BB%B7:4,920,880,%20%E6%B1%87%E7%8E%87:0.000257,%20CNY%E7%BA%A6:1265,%20%E8%AE%A2%E5%8D%95%E4%BB%B7:1500,%20minProfit:-100.0 HTTP/1.1" 200 None - 30388
2026-06-23 14:15:31,677 - DEBUG - Starting new HTTPS connection (1): oa.tripto.cn:443 - 30388
2026-06-23 14:15:31,948 - DEBUG - https://oa.tripto.cn:443 "GET /flightoa/order/getstatus?orderId=TEST_VU_001 HTTP/1.1" 200 57 - 30388
2026-06-23 14:15:31,948 - INFO - TEST_VU_001 Ц§ё¶З°іцЖұЧҙМ¬: {"status":401,"message":"өЗВј№эЖЪЈ¬ЗлЦШРВөЗВј"} - 30388
2026-06-23 14:15:31,949 - DEBUG - Starting new HTTPS connection (1): oa.tripto.cn:443 - 30388
2026-06-23 14:15:32,236 - DEBUG - https://oa.tripto.cn:443 "GET /flightoa/order/getstatus?orderId=TEST_VU_001 HTTP/1.1" 200 57 - 30388
2026-06-23 14:15:32,240 - INFO - TEST_VU_001 Ц§ё¶З°іцЖұЧҙМ¬: {"status":401,"message":"өЗВј№эЖЪЈ¬ЗлЦШРВөЗВј"} - 30388
2026-06-23 14:15:32,241 - DEBUG - Starting new HTTPS connection (1): oa.tripto.cn:443 - 30388
2026-06-23 14:15:32,495 - DEBUG - https://oa.tripto.cn:443 "GET /flightoa/order/getstatus?orderId=TEST_VU_001 HTTP/1.1" 200 57 - 30388
2026-06-23 14:15:32,497 - INFO - TEST_VU_001 Ц§ё¶З°іцЖұЧҙМ¬: {"status":401,"message":"өЗВј№эЖЪЈ¬ЗлЦШРВөЗВј"} - 30388
2026-06-23 14:15:32,498 - DEBUG - Starting new HTTPS connection (1): oa.tripto.cn:443 - 30388
2026-06-23 14:15:32,634 - DEBUG - https://oa.tripto.cn:443 "GET /flightoa/order/addorderlog?orderid=TEST_VU_001&operator=robot&optname=%E9%A2%84%E8%AE%A2%E5%AE%8C%E6%88%90&optdesc=PreBook%E6%88%90%E5%8A%9F,%20webBookingId:4f97843jd18a948b52h94blfo647u9ncs9t2677fc54f,%20%E6%80%BB%E4%BB%B7:4,920,880%20VND,%20PNR%E5%B0%86%E5%9C%A8%E6%94%AF%E4%BB%98%E5%90%8E%E7%94%9F%E6%88%90 HTTP/1.1" 200 None - 30388
2026-06-23 14:15:32,639 - DEBUG - Starting new HTTPS connection (1): oa.tripto.cn:443 - 30388
2026-06-23 14:15:32,783 - DEBUG - https://oa.tripto.cn:443 "GET /flightoa/order/addorderlog?orderid=TEST_VU_001&operator=robot&optname=%E8%B7%B3%E8%BF%87%E6%94%AF%E4%BB%98&optdesc=ispay/forcepay%20%E6%9C%AA%E5%BC%80%E5%90%AF,%20%E4%B8%8D%E6%89%A7%E8%A1%8C%E6%94%AF%E4%BB%98 HTTP/1.1" 200 None - 30388
2026-06-23 14:15:32,784 - INFO - VU B2B ¶©ЖұНкіЙ: orderno=TEST_VU_001, resdict={"bookingAccount": "ltzd01", "bookingAccountPwd": "Tripto147258@@", "minProfit": -100.0, "ispay": true, "forcepay": false, "passenger": "DINH/THI NGOC LE|PHAN/TUAN VU", "availableCredits": 9901.53, "payCardNo": "", "exchangeRate": "0.000257", "bookingOrderId": "TEST_VU_001", "bookingAllPrice": "4920880.0", "bookingCurrency": "VND", "bookingPnr": "", "bookingStatus": "1", "payStatus": "0", "msg": "PreBook НкіЙ, ҙэЦ§ё¶"} - 30388
2026-06-23 15:14:04,232 - INFO - VU B2B Booking Service еҗҜеҠЁ, з«ҜеҸЈ: 10003 - 28688
2026-06-23 15:14:05,627 - INFO - [31m[1mWARNING: This is a development server. Do not use it in a production deployment. Use a production WSGI server instead.[0m
 * Running on all addresses (0.0.0.0)
 * Running on http://127.0.0.1:10003
 * Running on http://192.168.1.197:10003 - 28688
2026-06-23 15:14:05,627 - INFO - [33mPress CTRL+C to quit[0m - 28688
2026-06-23 15:14:13,422 - INFO - 192.168.1.197 - - [23/Jun/2026 15:14:13] "[33mGET / HTTP/1.1[0m" 404 - - 4628
2026-06-23 15:16:35,332 - INFO - [5422663731] ж”¶еҲ°иҜ·жұӮ: VU1275 HAN->CXR 2026-06-29 - 34280
2026-06-23 15:16:35,333 - INFO - дҪҝз”Ёе®һж—¶жұҮзҺҮ: 1 VND = 0.000257 CNY (жқҘиҮӘ exchangerates) - 34280
2026-06-23 15:16:35,337 - DEBUG - Starting new HTTPS connection (1): oa.tripto.cn:443 - 34280
2026-06-23 15:16:35,505 - DEBUG - https://oa.tripto.cn:443 "GET /flightoa/order/addorderlog?orderid=5422663731&operator=robot&optname=%E5%BC%80%E5%A7%8B%E8%AE%A2%E7%A5%A8&optdesc=VU%20B2B%20%E8%AE%A2%E7%A5%A8,%20%E8%88%AA%E7%8F%AD:VU1275,%20%E6%97%A5%E6%9C%9F:2026-06-29,%20HAN-%3ECXR HTTP/1.1" 200 None - 34280
2026-06-23 15:16:35,509 - DEBUG - Starting new HTTPS connection (1): oa.tripto.cn:443 - 34280
2026-06-23 15:16:35,662 - DEBUG - https://oa.tripto.cn:443 "GET /flightoa/order/addorderlog?orderid=5422663731&operator=robot&optname=%E4%B9%98%E5%AE%A2%E4%BF%A1%E6%81%AF&optdesc=%E6%88%90%E4%BA%BA:1,%20%E5%84%BF%E7%AB%A5:0,%20%E5%A9%B4%E5%84%BF:0 HTTP/1.1" 200 None - 34280
2026-06-23 15:16:35,663 - INFO - дҪҝз”Ёд»ЈзҗҶ: proxy.astospider.com:9019 - 34280
2026-06-23 15:16:35,663 - INFO - B2B д»ЈзҗҶдәәзҷ»еҪ•: з”ЁжҲ·=ltzd01 - 34280
2026-06-23 15:16:35,665 - DEBUG - Starting new HTTPS connection (1): vietravel-api-ase1.ezycommerce.sabre.com:443 - 34280
2026-06-23 15:16:37,720 - DEBUG - https://vietravel-api-ase1.ezycommerce.sabre.com:443 "POST /api/v1/TravelAgent/Login HTTP/1.1" 200 None - 34280
2026-06-23 15:16:37,723 - INFO - B2B зҷ»еҪ•жҲҗеҠҹ! IATA=81140021, жңәжһ„=, еҸҜз”ЁйўқеәҰ=9729.68, йў„д»ҳ=True - 34280
2026-06-23 15:16:37,723 - DEBUG -   session_token(еүҚ30): y+5K6NVJN7naL/kX9IY1+8Vlpr+Bq0... - 34280
2026-06-23 15:16:37,723 - DEBUG -   agent_token(еүҚ30): a1ad3cwa274284m94ex9v1s4tfd3b0... - 34280
2026-06-23 15:16:37,723 - DEBUG -   дёӨиҖ…зӣёеҗҢ: False - 34280
2026-06-23 15:16:37,723 - DEBUG -   жё…з©ә session_token (зҷ»еҪ•ж—¶зҡ„: y+5K6NVJN7naL/kX9IY1...) - 34280
2026-06-23 15:16:37,723 - DEBUG -   жҗңзҙў/йў„и®ўе°ҶдҪҝз”Ё web йҖҡйҒ“е…Ёж–°дјҡиҜқ, ж”Ҝд»ҳж—¶еҲҮеӣһ travelagent йҖҡйҒ“ - 34280
2026-06-23 15:16:37,725 - DEBUG - Starting new HTTPS connection (1): oa.tripto.cn:443 - 34280
2026-06-23 15:16:37,862 - DEBUG - https://oa.tripto.cn:443 "GET /flightoa/order/addorderlog?orderid=5422663731&operator=robot&optname=B2B%E7%99%BB%E5%BD%95&optdesc=%E4%BB%A3%E7%90%86%E4%BA%BA%E7%99%BB%E5%BD%95%E6%88%90%E5%8A%9F,%20IATA=81140021,%20%E6%9C%BA%E6%9E%84= HTTP/1.1" 200 None - 34280
2026-06-23 15:16:38,369 - DEBUG - https://vietravel-api-ase1.ezycommerce.sabre.com:443 "GET /api/v1/TravelAgent/Balance HTTP/1.1" 401 0 - 34280
2026-06-23 15:16:38,371 - WARNING - жҹҘиҜўдҪҷйўқеӨұиҙҘ: HTTP N/A - 34280
2026-06-23 15:16:38,375 - DEBUG - Starting new HTTPS connection (1): oa.tripto.cn:443 - 34280
2026-06-23 15:16:38,525 - DEBUG - https://oa.tripto.cn:443 "GET /flightoa/order/addorderlog?orderid=5422663731&operator=robot&optname=%E8%B4%A6%E6%88%B7%E4%BD%99%E9%A2%9D&optdesc=%E5%8F%AF%E7%94%A8%E9%A2%9D%E5%BA%A6(%E7%99%BB%E5%BD%95%E5%93%8D%E5%BA%94):%209729.68 HTTP/1.1" 200 None - 34280
2026-06-23 15:16:38,527 - DEBUG - Starting new HTTPS connection (1): oa.tripto.cn:443 - 34280
2026-06-23 15:16:38,664 - DEBUG - https://oa.tripto.cn:443 "GET /flightoa/order/addorderlog?orderid=5422663731&operator=robot&optname=%E6%90%9C%E7%B4%A2%E8%88%AA%E7%8F%AD%E4%B8%AD&optdesc=HAN%20-%3E%20CXR,%202026-06-29 HTTP/1.1" 200 None - 34280
2026-06-23 15:16:39,515 - DEBUG - https://vietravel-api-ase1.ezycommerce.sabre.com:443 "POST /api/v1/Availability/SearchShop HTTP/1.1" 200 None - 34280
2026-06-23 15:16:39,533 - DEBUG - Starting new HTTPS connection (1): oa.tripto.cn:443 - 34280
2026-06-23 15:16:39,660 - DEBUG - https://oa.tripto.cn:443 "GET /flightoa/order/addorderlog?orderid=5422663731&operator=robot&optname=%E6%90%9C%E7%B4%A2%E6%88%90%E5%8A%9F&optdesc=%E6%89%BE%E5%88%B0%202%20%E4%B8%AA%E8%88%AA%E7%8F%AD HTTP/1.1" 200 None - 34280
2026-06-23 15:16:39,661 - INFO -   зҘЁд»·[0]: name=Premium, fareBasis=WPRVNF, price=4579400.0 VND - 34280
2026-06-23 15:16:39,661 - INFO -   зҘЁд»·[1]: name=PREMIUM ECONOMY, fareBasis=JPRVNF, price=4233800.0 VND - 34280
2026-06-23 15:16:39,662 - INFO -   зҘЁд»·[2]: name=Economy Flex, fareBasis=NFLEOW, price=2104040.0 VND - 34280
2026-06-23 15:16:39,662 - INFO -   зҘЁд»·[3]: name=Economy Saver, fareBasis=LREGOW, price=1726040.0 VND - 34280
2026-06-23 15:16:39,662 - INFO -   еҢ№й…Қ: name='Economy Saver' (еҗ« SAVER) - 34280
2026-06-23 15:16:39,663 - DEBUG - Starting new HTTPS connection (1): oa.tripto.cn:443 - 34280
2026-06-23 15:16:39,815 - DEBUG - https://oa.tripto.cn:443 "GET /flightoa/order/addorderlog?orderid=5422663731&operator=robot&optname=%E9%80%89%E6%8B%A9%E8%88%AA%E7%8F%AD&optdesc=VU1275%20%7C%20Economy%20Saver%20%7C%201,726,040%20VND HTTP/1.1" 200 None - 34280
2026-06-23 15:16:39,817 - DEBUG - Starting new HTTPS connection (1): oa.tripto.cn:443 - 34280
2026-06-23 15:16:39,970 - DEBUG - https://oa.tripto.cn:443 "GET /flightoa/order/addorderlog?orderid=5422663731&operator=robot&optname=%E6%8F%90%E4%BA%A4%E9%A2%84%E8%AE%A2%E4%B8%AD&optdesc=%E6%AD%A3%E5%9C%A8%E6%8F%90%E4%BA%A4%20PreBook... HTTP/1.1" 200 None - 34280
2026-06-23 15:16:41,867 - DEBUG - https://vietravel-api-ase1.ezycommerce.sabre.com:443 "POST /api/v1/Booking/PreBook HTTP/1.1" 200 None - 34280
2026-06-23 15:16:41,881 - DEBUG - Starting new HTTPS connection (1): oa.tripto.cn:443 - 34280
2026-06-23 15:16:42,097 - DEBUG - https://oa.tripto.cn:443 "GET /flightoa/order/addorderlog?orderid=5422663731&operator=robot&optname=PreBook%20%E6%88%90%E5%8A%9F&optdesc=%E9%A2%84%E8%AE%A2ID:816f304z73s42840vbd441x8o1sbtacb84b98e777f27,%20%E6%80%BB%E4%BB%B7:1,726,040%20VND HTTP/1.1" 200 None - 34280
2026-06-23 15:16:42,099 - DEBUG - Starting new HTTPS connection (1): oa.tripto.cn:443 - 34280
2026-06-23 15:16:42,234 - DEBUG - https://oa.tripto.cn:443 "GET /flightoa/order/addorderlog?orderid=5422663731&operator=robot&optname=%E4%BB%B7%E6%A0%BC%E6%A0%A1%E9%AA%8C&optdesc=VND%E6%80%BB%E4%BB%B7:1,726,040,%20%E6%B1%87%E7%8E%87:0.000257,%20CNY%E7%BA%A6:444,%20%E8%AE%A2%E5%8D%95%E4%BB%B7:439,%20minProfit:-30.0 HTTP/1.1" 200 None - 34280
2026-06-23 15:16:42,235 - DEBUG - Starting new HTTPS connection (1): oa.tripto.cn:443 - 34280
2026-06-23 15:16:42,531 - DEBUG - https://oa.tripto.cn:443 "GET /flightoa/order/getstatus?orderId=5422663731 HTTP/1.1" 200 57 - 34280
2026-06-23 15:16:42,532 - INFO - 5422663731 ж”Ҝд»ҳеүҚеҮәзҘЁзҠ¶жҖҒ: {"status":401,"message":"зҷ»еҪ•иҝҮжңҹпјҢиҜ·йҮҚж–°зҷ»еҪ•"} - 34280
2026-06-23 15:16:42,533 - DEBUG - Starting new HTTPS connection (1): oa.tripto.cn:443 - 34280
2026-06-23 15:16:42,832 - DEBUG - https://oa.tripto.cn:443 "GET /flightoa/order/getstatus?orderId=5422663731 HTTP/1.1" 200 57 - 34280
2026-06-23 15:16:42,834 - INFO - 5422663731 ж”Ҝд»ҳеүҚеҮәзҘЁзҠ¶жҖҒ: {"status":401,"message":"зҷ»еҪ•иҝҮжңҹпјҢиҜ·йҮҚж–°зҷ»еҪ•"} - 34280
2026-06-23 15:16:42,834 - DEBUG - Starting new HTTPS connection (1): oa.tripto.cn:443 - 34280
2026-06-23 15:16:43,141 - DEBUG - https://oa.tripto.cn:443 "GET /flightoa/order/getstatus?orderId=5422663731 HTTP/1.1" 200 57 - 34280
2026-06-23 15:16:43,142 - INFO - 5422663731 ж”Ҝд»ҳеүҚеҮәзҘЁзҠ¶жҖҒ: {"status":401,"message":"зҷ»еҪ•иҝҮжңҹпјҢиҜ·йҮҚж–°зҷ»еҪ•"} - 34280
2026-06-23 15:16:43,143 - DEBUG - Starting new HTTPS connection (1): oa.tripto.cn:443 - 34280
2026-06-23 15:16:43,289 - DEBUG - https://oa.tripto.cn:443 "GET /flightoa/order/addorderlog?orderid=5422663731&operator=robot&optname=%E9%A2%84%E8%AE%A2%E5%AE%8C%E6%88%90&optdesc=PreBook%E6%88%90%E5%8A%9F,%20webBookingId:816f304z73s42840vbd441x8o1sbtacb84b98e777f27,%20%E6%80%BB%E4%BB%B7:1,726,040%20VND,%20PNR%E5%B0%86%E5%9C%A8%E6%94%AF%E4%BB%98%E5%90%8E%E7%94%9F%E6%88%90 HTTP/1.1" 200 None - 34280
2026-06-23 15:16:43,291 - DEBUG - Starting new HTTPS connection (1): oa.tripto.cn:443 - 34280
2026-06-23 15:16:43,452 - DEBUG - https://oa.tripto.cn:443 "GET /flightoa/order/addorderlog?orderid=5422663731&operator=robot&optname=%E8%B7%B3%E8%BF%87%E6%94%AF%E4%BB%98&optdesc=ispay/forcepay%20%E6%9C%AA%E5%BC%80%E5%90%AF,%20%E4%B8%8D%E6%89%A7%E8%A1%8C%E6%94%AF%E4%BB%98 HTTP/1.1" 200 None - 34280
2026-06-23 15:16:43,454 - INFO - VU B2B и®ўзҘЁе®ҢжҲҗ: orderno=5422663731, resdict={"orderId": "5422663731", "passenger": "GERTSEV/ANDRII", "bookingAccount": "ltzd01", "airOrderId": "", "coupon": {}, "bookingAccountPwd": "Tripto147258@@", "payCardSource": "", "issueCode": "VUB2B", "issueSource": "VUB2B", "flag": "self", "isFlush": false, "ticketRouteId": 807, "payStatus": "0", "bookingAllPrice": "1726040.0", "rebookingUrl": "", "isvcc": false, "bookingStatus": "1", "need_flash": 0, "bookingOrderId": "5422663731", "bookingCurrency": "VND", "payUrl": "", "forcepay": false, "minProfit": -30.0, "ispay": false, "msg": "PreBook е®ҢжҲҗ, еҫ…ж”Ҝд»ҳ", "paypnr": "", "metadata": "{}", "email": "ltw2018@126.com", "cabin": "L", "bookingIphone": "", "availableCredits": 9729.68, "payCardNo": "", "exchangeRate": "0.000257", "bookingPnr": ""} - 34280
2026-06-23 15:16:43,456 - INFO - [5422663731] и®ўзҘЁе®ҢжҲҗ (8.1s) payStatus=0 msg=PreBook е®ҢжҲҗ, еҫ…ж”Ҝд»ҳ - 34280
2026-06-23 15:16:43,458 - INFO - 192.168.1.197 - - [23/Jun/2026 15:16:43] "POST /booking HTTP/1.1" 200 - - 34280
2026-06-23 15:53:45,833 - INFO - VU B2B Booking Service еҗҜеҠЁ, з«ҜеҸЈ: 10003 - 30792
2026-06-23 15:53:47,109 - INFO - [31m[1mWARNING: This is a development server. Do not use it in a production deployment. Use a production WSGI server instead.[0m
 * Running on all addresses (0.0.0.0)
 * Running on http://127.0.0.1:10003
 * Running on http://192.168.1.197:10003 - 30792
2026-06-23 15:53:47,110 - INFO - [33mPress CTRL+C to quit[0m - 30792
2026-06-23 15:54:05,664 - INFO - [5422663731] ж”¶еҲ°иҜ·жұӮ: VU1275 HAN->CXR 2026-06-29 [DRY_RUN] - 12076
2026-06-23 15:54:05,665 - INFO - дҪҝз”Ёе®һж—¶жұҮзҺҮ: 1 VND = 0.000257 CNY (жқҘиҮӘ exchangerates) - 12076
2026-06-23 15:54:05,669 - DEBUG - Starting new HTTPS connection (1): oa.tripto.cn:443 - 12076
2026-06-23 15:54:05,842 - DEBUG - https://oa.tripto.cn:443 "GET /flightoa/order/addorderlog?orderid=5422663731&operator=robot&optname=%E5%BC%80%E5%A7%8B%E8%AE%A2%E7%A5%A8&optdesc=VU%20B2B%20%E8%AE%A2%E7%A5%A8,%20%E8%88%AA%E7%8F%AD:VU1275,%20%E6%97%A5%E6%9C%9F:2026-06-29,%20HAN-%3ECXR HTTP/1.1" 200 None - 12076
2026-06-23 15:54:05,846 - DEBUG - Starting new HTTPS connection (1): oa.tripto.cn:443 - 12076
2026-06-23 15:54:05,984 - DEBUG - https://oa.tripto.cn:443 "GET /flightoa/order/addorderlog?orderid=5422663731&operator=robot&optname=%E4%B9%98%E5%AE%A2%E4%BF%A1%E6%81%AF&optdesc=%E6%88%90%E4%BA%BA:1,%20%E5%84%BF%E7%AB%A5:0,%20%E5%A9%B4%E5%84%BF:0 HTTP/1.1" 200 None - 12076
2026-06-23 15:54:05,985 - INFO - дҪҝз”Ёд»ЈзҗҶ: proxy.astospider.com:9041 - 12076
2026-06-23 15:54:05,985 - INFO - B2B д»ЈзҗҶдәәзҷ»еҪ•: з”ЁжҲ·=ltzd01 - 12076
2026-06-23 15:54:05,986 - DEBUG - Starting new HTTPS connection (1): vietravel-api-ase1.ezycommerce.sabre.com:443 - 12076
2026-06-23 15:54:13,298 - DEBUG - https://vietravel-api-ase1.ezycommerce.sabre.com:443 "POST /api/v1/TravelAgent/Login HTTP/1.1" 200 None - 12076
2026-06-23 15:54:13,299 - INFO - B2B зҷ»еҪ•жҲҗеҠҹ! IATA=81140021, жңәжһ„=, еҸҜз”ЁйўқеәҰ=9609.04, йў„д»ҳ=True - 12076
2026-06-23 15:54:13,299 - DEBUG -   session_token(еүҚ30): l2KM0F/0Qq7h3fpYhBWod+NRG+A5FV... - 12076
2026-06-23 15:54:13,299 - DEBUG -   agent_token(еүҚ30): b66a609n3e73a40235c068v5z460j3... - 12076
2026-06-23 15:54:13,299 - DEBUG -   дёӨиҖ…зӣёеҗҢ: False - 12076
2026-06-23 15:54:13,299 - DEBUG -   жё…з©ә session_token (зҷ»еҪ•ж—¶зҡ„: l2KM0F/0Qq7h3fpYhBWo...) - 12076
2026-06-23 15:54:13,299 - DEBUG -   жҗңзҙў/йў„и®ўе°ҶдҪҝз”Ё web йҖҡйҒ“е…Ёж–°дјҡиҜқ, ж”Ҝд»ҳж—¶еҲҮеӣһ travelagent йҖҡйҒ“ - 12076
2026-06-23 15:54:13,301 - DEBUG - Starting new HTTPS connection (1): oa.tripto.cn:443 - 12076
2026-06-23 15:54:13,447 - DEBUG - https://oa.tripto.cn:443 "GET /flightoa/order/addorderlog?orderid=5422663731&operator=robot&optname=B2B%E7%99%BB%E5%BD%95&optdesc=%E4%BB%A3%E7%90%86%E4%BA%BA%E7%99%BB%E5%BD%95%E6%88%90%E5%8A%9F,%20IATA=81140021,%20%E6%9C%BA%E6%9E%84= HTTP/1.1" 200 None - 12076
2026-06-23 15:54:13,945 - DEBUG - https://vietravel-api-ase1.ezycommerce.sabre.com:443 "GET /api/v1/TravelAgent/Balance HTTP/1.1" 401 0 - 12076
2026-06-23 15:54:13,946 - WARNING - жҹҘиҜўдҪҷйўқеӨұиҙҘ: HTTP N/A - 12076
2026-06-23 15:54:13,948 - DEBUG - Starting new HTTPS connection (1): oa.tripto.cn:443 - 12076
2026-06-23 15:54:14,088 - DEBUG - https://oa.tripto.cn:443 "GET /flightoa/order/addorderlog?orderid=5422663731&operator=robot&optname=%E8%B4%A6%E6%88%B7%E4%BD%99%E9%A2%9D&optdesc=%E5%8F%AF%E7%94%A8%E9%A2%9D%E5%BA%A6(%E7%99%BB%E5%BD%95%E5%93%8D%E5%BA%94):%209609.04 HTTP/1.1" 200 None - 12076
2026-06-23 15:54:14,089 - DEBUG - Starting new HTTPS connection (1): oa.tripto.cn:443 - 12076
2026-06-23 15:54:14,234 - DEBUG - https://oa.tripto.cn:443 "GET /flightoa/order/addorderlog?orderid=5422663731&operator=robot&optname=%E6%90%9C%E7%B4%A2%E8%88%AA%E7%8F%AD%E4%B8%AD&optdesc=HAN%20-%3E%20CXR,%202026-06-29 HTTP/1.1" 200 None - 12076
2026-06-23 15:54:15,055 - DEBUG - https://vietravel-api-ase1.ezycommerce.sabre.com:443 "POST /api/v1/Availability/SearchShop HTTP/1.1" 200 None - 12076
2026-06-23 15:54:15,445 - DEBUG - Starting new HTTPS connection (1): oa.tripto.cn:443 - 12076
2026-06-23 15:54:15,586 - DEBUG - https://oa.tripto.cn:443 "GET /flightoa/order/addorderlog?orderid=5422663731&operator=robot&optname=%E6%90%9C%E7%B4%A2%E6%88%90%E5%8A%9F&optdesc=%E6%89%BE%E5%88%B0%202%20%E4%B8%AA%E8%88%AA%E7%8F%AD HTTP/1.1" 200 None - 12076
2026-06-23 15:54:15,586 - INFO -   зҘЁд»·[0]: name=Premium, fareBasis=WPRVNF, price=4579400.0 VND - 12076
2026-06-23 15:54:15,587 - INFO -   зҘЁд»·[1]: name=PREMIUM ECONOMY, fareBasis=JPRVNF, price=4233800.0 VND - 12076
2026-06-23 15:54:15,587 - INFO -   зҘЁд»·[2]: name=Economy Flex, fareBasis=NFLEOW, price=2104040.0 VND - 12076
2026-06-23 15:54:15,587 - INFO -   зҘЁд»·[3]: name=Economy Saver, fareBasis=LREGOW, price=1726040.0 VND - 12076
2026-06-23 15:54:15,587 - INFO -   еҢ№й…Қ: name='Economy Saver' (еҗ« SAVER) - 12076
2026-06-23 15:54:15,588 - DEBUG - Starting new HTTPS connection (1): oa.tripto.cn:443 - 12076
2026-06-23 15:54:15,750 - DEBUG - https://oa.tripto.cn:443 "GET /flightoa/order/addorderlog?orderid=5422663731&operator=robot&optname=%E9%80%89%E6%8B%A9%E8%88%AA%E7%8F%AD&optdesc=VU1275%20%7C%20Economy%20Saver%20%7C%201,726,040%20VND HTTP/1.1" 200 None - 12076
2026-06-23 15:54:15,752 - DEBUG - Starting new HTTPS connection (1): oa.tripto.cn:443 - 12076
2026-06-23 15:54:15,885 - DEBUG - https://oa.tripto.cn:443 "GET /flightoa/order/addorderlog?orderid=5422663731&operator=robot&optname=%E6%8F%90%E4%BA%A4%E9%A2%84%E8%AE%A2%E4%B8%AD&optdesc=%E6%AD%A3%E5%9C%A8%E6%8F%90%E4%BA%A4%20PreBook... HTTP/1.1" 200 None - 12076
2026-06-23 15:54:18,565 - DEBUG - https://vietravel-api-ase1.ezycommerce.sabre.com:443 "POST /api/v1/Booking/PreBook HTTP/1.1" 200 None - 12076
2026-06-23 15:54:18,830 - DEBUG - Starting new HTTPS connection (1): oa.tripto.cn:443 - 12076
2026-06-23 15:54:18,962 - DEBUG - https://oa.tripto.cn:443 "GET /flightoa/order/addorderlog?orderid=5422663731&operator=robot&optname=PreBook%20%E6%88%90%E5%8A%9F&optdesc=%E9%A2%84%E8%AE%A2ID:3e3d2a7qc67984bfp0xb7a426dr84213tbs3t9e116d9,%20%E6%80%BB%E4%BB%B7:1,726,040%20VND HTTP/1.1" 200 None - 12076
2026-06-23 15:54:18,965 - DEBUG - Starting new HTTPS connection (1): oa.tripto.cn:443 - 12076
2026-06-23 15:54:19,103 - DEBUG - https://oa.tripto.cn:443 "GET /flightoa/order/addorderlog?orderid=5422663731&operator=robot&optname=%E4%BB%B7%E6%A0%BC%E6%A0%A1%E9%AA%8C&optdesc=VND%E6%80%BB%E4%BB%B7:1,726,040,%20%E6%B1%87%E7%8E%87:0.000257,%20CNY%E7%BA%A6:444,%20%E8%AE%A2%E5%8D%95%E4%BB%B7:439,%20minProfit:-30.0 HTTP/1.1" 200 None - 12076
2026-06-23 15:54:19,105 - DEBUG - Starting new HTTPS connection (1): oa.tripto.cn:443 - 12076
2026-06-23 15:54:19,356 - DEBUG - https://oa.tripto.cn:443 "GET /flightoa/order/getstatus?orderId=5422663731 HTTP/1.1" 200 57 - 12076
2026-06-23 15:54:19,358 - INFO - 5422663731 ж”Ҝд»ҳеүҚеҮәзҘЁзҠ¶жҖҒ: {"status":401,"message":"зҷ»еҪ•иҝҮжңҹпјҢиҜ·йҮҚж–°зҷ»еҪ•"} - 12076
2026-06-23 15:54:19,360 - DEBUG - Starting new HTTPS connection (1): oa.tripto.cn:443 - 12076
2026-06-23 15:54:19,659 - DEBUG - https://oa.tripto.cn:443 "GET /flightoa/order/getstatus?orderId=5422663731 HTTP/1.1" 200 57 - 12076
2026-06-23 15:54:19,659 - INFO - 5422663731 ж”Ҝд»ҳеүҚеҮәзҘЁзҠ¶жҖҒ: {"status":401,"message":"зҷ»еҪ•иҝҮжңҹпјҢиҜ·йҮҚж–°зҷ»еҪ•"} - 12076
2026-06-23 15:54:19,662 - DEBUG - Starting new HTTPS connection (1): oa.tripto.cn:443 - 12076
2026-06-23 15:54:19,947 - DEBUG - https://oa.tripto.cn:443 "GET /flightoa/order/getstatus?orderId=5422663731 HTTP/1.1" 200 57 - 12076
2026-06-23 15:54:19,949 - INFO - 5422663731 ж”Ҝд»ҳеүҚеҮәзҘЁзҠ¶жҖҒ: {"status":401,"message":"зҷ»еҪ•иҝҮжңҹпјҢиҜ·йҮҚж–°зҷ»еҪ•"} - 12076
2026-06-23 15:54:19,949 - DEBUG - Starting new HTTPS connection (1): oa.tripto.cn:443 - 12076
2026-06-23 15:54:20,099 - DEBUG - https://oa.tripto.cn:443 "GET /flightoa/order/addorderlog?orderid=5422663731&operator=robot&optname=%E9%A2%84%E8%AE%A2%E5%AE%8C%E6%88%90&optdesc=PreBook%E6%88%90%E5%8A%9F,%20webBookingId:3e3d2a7qc67984bfp0xb7a426dr84213tbs3t9e116d9,%20%E6%80%BB%E4%BB%B7:1,726,040%20VND,%20PNR%E5%B0%86%E5%9C%A8%E6%94%AF%E4%BB%98%E5%90%8E%E7%94%9F%E6%88%90 HTTP/1.1" 200 None - 12076
2026-06-23 15:54:20,101 - DEBUG - Starting new HTTPS connection (1): oa.tripto.cn:443 - 12076
2026-06-23 15:54:20,244 - DEBUG - https://oa.tripto.cn:443 "GET /flightoa/order/addorderlog?orderid=5422663731&operator=robot&optname=%E8%B7%B3%E8%BF%87%E6%94%AF%E4%BB%98(dry_run)&optdesc=%E8%AF%95%E8%BF%90%E8%A1%8C%E6%A8%A1%E5%BC%8F,%20%E5%89%8D%E7%BD%AE%E6%A0%A1%E9%AA%8C%E5%85%A8%E9%83%A8%E9%80%9A%E8%BF%87,%20%E6%9C%AA%E6%89%A7%E8%A1%8C%E6%94%AF%E4%BB%98 HTTP/1.1" 200 None - 12076
2026-06-23 15:54:20,245 - INFO - [5422663731] dry_run: еүҚзҪ®жөҒзЁӢе…ЁйғЁйҖҡиҝҮ, и·іиҝҮж”Ҝд»ҳ - 12076
2026-06-23 15:54:20,245 - INFO - VU B2B и®ўзҘЁе®ҢжҲҗ: orderno=5422663731, resdict={"orderId": "5422663731", "passenger": "GERTSEV/ANDRII", "bookingAccount": "ltzd01", "airOrderId": "", "coupon": {}, "bookingAccountPwd": "Tripto147258@@", "payCardSource": "", "issueCode": "VUB2B", "issueSource": "VUB2B", "flag": "self", "isFlush": false, "ticketRouteId": 807, "payStatus": "0", "bookingAllPrice": "1726040.0", "rebookingUrl": "", "isvcc": false, "bookingStatus": "1", "need_flash": 0, "bookingOrderId": "5422663731", "bookingCurrency": "VND", "payUrl": "", "forcepay": false, "minProfit": -30.0, "ispay": false, "msg": "dry_run жЁЎејҸ, и·іиҝҮж”Ҝд»ҳ (еүҚзҪ®ж ЎйӘҢе…ЁйғЁйҖҡиҝҮ)", "paypnr": "", "metadata": "{}", "email": "ltw2018@126.com", "cabin": "L", "bookingIphone": "", "availableCredits": 9609.04, "payCardNo": "", "exchangeRate": "0.000257", "bookingPnr": ""} - 12076
2026-06-23 15:54:20,245 - INFO - [5422663731] и®ўзҘЁе®ҢжҲҗ (14.6s) payStatus=0 msg=dry_run жЁЎејҸ, и·іиҝҮж”Ҝд»ҳ (еүҚзҪ®ж ЎйӘҢе…ЁйғЁйҖҡиҝҮ) - 12076
2026-06-23 15:54:20,247 - INFO - 192.168.1.197 - - [23/Jun/2026 15:54:20] "POST /booking HTTP/1.1" 200 - - 12076
2026-06-23 15:55:18,286 - INFO - [5422663731] ж”¶еҲ°иҜ·жұӮ: VU1275 HAN->CXR 2026-06-29 - 33128
2026-06-23 15:55:18,287 - INFO - дҪҝз”Ёе®һж—¶жұҮзҺҮ: 1 VND = 0.000257 CNY (жқҘиҮӘ exchangerates) - 33128
2026-06-23 15:55:18,288 - DEBUG - Starting new HTTPS connection (1): oa.tripto.cn:443 - 33128
2026-06-23 15:55:18,426 - DEBUG - https://oa.tripto.cn:443 "GET /flightoa/order/addorderlog?orderid=5422663731&operator=robot&optname=%E5%BC%80%E5%A7%8B%E8%AE%A2%E7%A5%A8&optdesc=VU%20B2B%20%E8%AE%A2%E7%A5%A8,%20%E8%88%AA%E7%8F%AD:VU1275,%20%E6%97%A5%E6%9C%9F:2026-06-29,%20HAN-%3ECXR HTTP/1.1" 200 None - 33128
2026-06-23 15:55:18,427 - DEBUG - Starting new HTTPS connection (1): oa.tripto.cn:443 - 33128
2026-06-23 15:55:18,562 - DEBUG - https://oa.tripto.cn:443 "GET /flightoa/order/addorderlog?orderid=5422663731&operator=robot&optname=%E4%B9%98%E5%AE%A2%E4%BF%A1%E6%81%AF&optdesc=%E6%88%90%E4%BA%BA:1,%20%E5%84%BF%E7%AB%A5:0,%20%E5%A9%B4%E5%84%BF:0 HTTP/1.1" 200 None - 33128
2026-06-23 15:55:18,563 - INFO - дҪҝз”Ёд»ЈзҗҶ: proxy.astospider.com:9016 - 33128
2026-06-23 15:55:18,563 - INFO - B2B д»ЈзҗҶдәәзҷ»еҪ•: з”ЁжҲ·=ltzd01 - 33128
2026-06-23 15:55:18,565 - DEBUG - Starting new HTTPS connection (1): vietravel-api-ase1.ezycommerce.sabre.com:443 - 33128
2026-06-23 15:55:20,752 - DEBUG - https://vietravel-api-ase1.ezycommerce.sabre.com:443 "POST /api/v1/TravelAgent/Login HTTP/1.1" 200 None - 33128
2026-06-23 15:55:20,753 - INFO - B2B зҷ»еҪ•жҲҗеҠҹ! IATA=81140021, жңәжһ„=, еҸҜз”ЁйўқеәҰ=9609.04, йў„д»ҳ=True - 33128
2026-06-23 15:55:20,753 - DEBUG -   session_token(еүҚ30): qRHvndehaUXnGYQganjbtVPA6h56mn... - 33128
2026-06-23 15:55:20,753 - DEBUG -   agent_token(еүҚ30): 5bc5d19i9652957344y07149vb51sb... - 33128
2026-06-23 15:55:20,753 - DEBUG -   дёӨиҖ…зӣёеҗҢ: False - 33128
2026-06-23 15:55:20,753 - DEBUG -   жё…з©ә session_token (зҷ»еҪ•ж—¶зҡ„: qRHvndehaUXnGYQganjb...) - 33128
2026-06-23 15:55:20,753 - DEBUG -   жҗңзҙў/йў„и®ўе°ҶдҪҝз”Ё web йҖҡйҒ“е…Ёж–°дјҡиҜқ, ж”Ҝд»ҳж—¶еҲҮеӣһ travelagent йҖҡйҒ“ - 33128
2026-06-23 15:55:20,754 - DEBUG - Starting new HTTPS connection (1): oa.tripto.cn:443 - 33128
2026-06-23 15:55:20,881 - DEBUG - https://oa.tripto.cn:443 "GET /flightoa/order/addorderlog?orderid=5422663731&operator=robot&optname=B2B%E7%99%BB%E5%BD%95&optdesc=%E4%BB%A3%E7%90%86%E4%BA%BA%E7%99%BB%E5%BD%95%E6%88%90%E5%8A%9F,%20IATA=81140021,%20%E6%9C%BA%E6%9E%84= HTTP/1.1" 200 None - 33128
2026-06-23 15:55:21,416 - DEBUG - https://vietravel-api-ase1.ezycommerce.sabre.com:443 "GET /api/v1/TravelAgent/Balance HTTP/1.1" 401 0 - 33128
2026-06-23 15:55:21,416 - WARNING - жҹҘиҜўдҪҷйўқеӨұиҙҘ: HTTP N/A - 33128
2026-06-23 15:55:21,417 - DEBUG - Starting new HTTPS connection (1): oa.tripto.cn:443 - 33128
2026-06-23 15:55:21,563 - DEBUG - https://oa.tripto.cn:443 "GET /flightoa/order/addorderlog?orderid=5422663731&operator=robot&optname=%E8%B4%A6%E6%88%B7%E4%BD%99%E9%A2%9D&optdesc=%E5%8F%AF%E7%94%A8%E9%A2%9D%E5%BA%A6(%E7%99%BB%E5%BD%95%E5%93%8D%E5%BA%94):%209609.04 HTTP/1.1" 200 None - 33128
2026-06-23 15:55:21,565 - DEBUG - Starting new HTTPS connection (1): oa.tripto.cn:443 - 33128
2026-06-23 15:55:21,699 - DEBUG - https://oa.tripto.cn:443 "GET /flightoa/order/addorderlog?orderid=5422663731&operator=robot&optname=%E6%90%9C%E7%B4%A2%E8%88%AA%E7%8F%AD%E4%B8%AD&optdesc=HAN%20-%3E%20CXR,%202026-06-29 HTTP/1.1" 200 None - 33128
2026-06-23 15:55:22,520 - DEBUG - https://vietravel-api-ase1.ezycommerce.sabre.com:443 "POST /api/v1/Availability/SearchShop HTTP/1.1" 200 None - 33128
2026-06-23 15:55:22,554 - DEBUG - Starting new HTTPS connection (1): oa.tripto.cn:443 - 33128
2026-06-23 15:55:22,689 - DEBUG - https://oa.tripto.cn:443 "GET /flightoa/order/addorderlog?orderid=5422663731&operator=robot&optname=%E6%90%9C%E7%B4%A2%E6%88%90%E5%8A%9F&optdesc=%E6%89%BE%E5%88%B0%202%20%E4%B8%AA%E8%88%AA%E7%8F%AD HTTP/1.1" 200 None - 33128
2026-06-23 15:55:22,690 - INFO -   зҘЁд»·[0]: name=Premium, fareBasis=WPRVNF, price=4579400.0 VND - 33128
2026-06-23 15:55:22,690 - INFO -   зҘЁд»·[1]: name=PREMIUM ECONOMY, fareBasis=JPRVNF, price=4233800.0 VND - 33128
2026-06-23 15:55:22,691 - INFO -   зҘЁд»·[2]: name=Economy Flex, fareBasis=NFLEOW, price=2104040.0 VND - 33128
2026-06-23 15:55:22,691 - INFO -   зҘЁд»·[3]: name=Economy Saver, fareBasis=LREGOW, price=1726040.0 VND - 33128
2026-06-23 15:55:22,691 - INFO -   еҢ№й…Қ: name='Economy Saver' (еҗ« SAVER) - 33128
2026-06-23 15:55:22,692 - DEBUG - Starting new HTTPS connection (1): oa.tripto.cn:443 - 33128
2026-06-23 15:55:22,837 - DEBUG - https://oa.tripto.cn:443 "GET /flightoa/order/addorderlog?orderid=5422663731&operator=robot&optname=%E9%80%89%E6%8B%A9%E8%88%AA%E7%8F%AD&optdesc=VU1275%20%7C%20Economy%20Saver%20%7C%201,726,040%20VND HTTP/1.1" 200 None - 33128
2026-06-23 15:55:22,838 - DEBUG - Starting new HTTPS connection (1): oa.tripto.cn:443 - 33128
2026-06-23 15:55:22,995 - DEBUG - https://oa.tripto.cn:443 "GET /flightoa/order/addorderlog?orderid=5422663731&operator=robot&optname=%E6%8F%90%E4%BA%A4%E9%A2%84%E8%AE%A2%E4%B8%AD&optdesc=%E6%AD%A3%E5%9C%A8%E6%8F%90%E4%BA%A4%20PreBook... HTTP/1.1" 200 None - 33128
2026-06-23 15:55:25,011 - DEBUG - https://vietravel-api-ase1.ezycommerce.sabre.com:443 "POST /api/v1/Booking/PreBook HTTP/1.1" 200 None - 33128
2026-06-23 15:55:25,056 - DEBUG - Starting new HTTPS connection (1): oa.tripto.cn:443 - 33128
2026-06-23 15:55:25,197 - DEBUG - https://oa.tripto.cn:443 "GET /flightoa/order/addorderlog?orderid=5422663731&operator=robot&optname=PreBook%20%E6%88%90%E5%8A%9F&optdesc=%E9%A2%84%E8%AE%A2ID:1978008e7b4e1ej4cb6709eb6cs8r4tbua361eeb95f6,%20%E6%80%BB%E4%BB%B7:1,726,040%20VND HTTP/1.1" 200 None - 33128
2026-06-23 15:55:25,201 - DEBUG - Starting new HTTPS connection (1): oa.tripto.cn:443 - 33128
2026-06-23 15:55:25,327 - DEBUG - https://oa.tripto.cn:443 "GET /flightoa/order/addorderlog?orderid=5422663731&operator=robot&optname=%E4%BB%B7%E6%A0%BC%E6%A0%A1%E9%AA%8C&optdesc=VND%E6%80%BB%E4%BB%B7:1,726,040,%20%E6%B1%87%E7%8E%87:0.000257,%20CNY%E7%BA%A6:444,%20%E8%AE%A2%E5%8D%95%E4%BB%B7:439,%20minProfit:-30.0 HTTP/1.1" 200 None - 33128
2026-06-23 15:55:25,328 - DEBUG - Starting new HTTPS connection (1): oa.tripto.cn:443 - 33128
2026-06-23 15:55:25,622 - DEBUG - https://oa.tripto.cn:443 "GET /flightoa/order/getstatus?orderId=5422663731 HTTP/1.1" 200 57 - 33128
2026-06-23 15:55:25,622 - INFO - 5422663731 ж”Ҝд»ҳеүҚеҮәзҘЁзҠ¶жҖҒ: {"status":401,"message":"зҷ»еҪ•иҝҮжңҹпјҢиҜ·йҮҚж–°зҷ»еҪ•"} - 33128
2026-06-23 15:55:25,623 - DEBUG - Starting new HTTPS connection (1): oa.tripto.cn:443 - 33128
2026-06-23 15:55:25,899 - DEBUG - https://oa.tripto.cn:443 "GET /flightoa/order/getstatus?orderId=5422663731 HTTP/1.1" 200 57 - 33128
2026-06-23 15:55:25,902 - INFO - 5422663731 ж”Ҝд»ҳеүҚеҮәзҘЁзҠ¶жҖҒ: {"status":401,"message":"зҷ»еҪ•иҝҮжңҹпјҢиҜ·йҮҚж–°зҷ»еҪ•"} - 33128
2026-06-23 15:55:25,903 - DEBUG - Starting new HTTPS connection (1): oa.tripto.cn:443 - 33128
2026-06-23 15:55:26,188 - DEBUG - https://oa.tripto.cn:443 "GET /flightoa/order/getstatus?orderId=5422663731 HTTP/1.1" 200 57 - 33128
2026-06-23 15:55:26,189 - INFO - 5422663731 ж”Ҝд»ҳеүҚеҮәзҘЁзҠ¶жҖҒ: {"status":401,"message":"зҷ»еҪ•иҝҮжңҹпјҢиҜ·йҮҚж–°зҷ»еҪ•"} - 33128
2026-06-23 15:55:26,191 - DEBUG - Starting new HTTPS connection (1): oa.tripto.cn:443 - 33128
2026-06-23 15:55:26,319 - DEBUG - https://oa.tripto.cn:443 "GET /flightoa/order/addorderlog?orderid=5422663731&operator=robot&optname=%E9%A2%84%E8%AE%A2%E5%AE%8C%E6%88%90&optdesc=PreBook%E6%88%90%E5%8A%9F,%20webBookingId:1978008e7b4e1ej4cb6709eb6cs8r4tbua361eeb95f6,%20%E6%80%BB%E4%BB%B7:1,726,040%20VND,%20PNR%E5%B0%86%E5%9C%A8%E6%94%AF%E4%BB%98%E5%90%8E%E7%94%9F%E6%88%90 HTTP/1.1" 200 None - 33128
2026-06-23 15:55:26,321 - DEBUG - Starting new HTTPS connection (1): oa.tripto.cn:443 - 33128
2026-06-23 15:55:26,478 - DEBUG - https://oa.tripto.cn:443 "GET /flightoa/order/addorderlog?orderid=5422663731&operator=robot&optname=%E5%87%86%E5%A4%87%E6%94%AF%E4%BB%98&optdesc=B2B=True,%20%E5%89%8D%E7%BD%AE%E6%A0%A1%E9%AA%8C%E9%80%9A%E8%BF%87,%20%E8%B0%83%E7%94%A8%E6%94%AF%E4%BB%98%E6%8E%A5%E5%8F%A3 HTTP/1.1" 200 None - 33128
2026-06-23 15:55:26,480 - DEBUG - Starting new HTTPS connection (1): oa.tripto.cn:443 - 33128
2026-06-23 15:55:26,614 - DEBUG - https://oa.tripto.cn:443 "GET /flightoa/order/addorderlog?orderid=5422663731&operator=robot&optname=%E6%AD%A3%E5%9C%A8%E8%BF%9B%E8%A1%8C%E6%94%AF%E4%BB%98&optdesc=%E8%BF%9B%E5%85%A5%E6%94%AF%E4%BB%98%E7%8E%AF%E8%8A%82,%20%E5%87%BA%E7%8E%B0%E4%BB%BB%E4%BD%95%E9%97%AE%E9%A2%98%E8%AF%B7%E4%BA%BA%E5%B7%A5%E6%A0%B8%E5%AF%B9&keyWordColor=red HTTP/1.1" 200 None - 33128
2026-06-23 15:55:26,615 - WARNING - B2B: invoice дёҚеҸҜз”Ё, е°қиҜ• paylater - 33128
2026-06-23 15:55:26,615 - INFO - [ж”Ҝд»ҳ] йҮ‘йўқ: 1,726,040 VND, ж–№ејҸ: paylater/paylater:paylater, IATA: 81140021, B2B: True - 33128
2026-06-23 15:55:31,675 - DEBUG - https://vietravel-api-ase1.ezycommerce.sabre.com:443 "POST /api/v1/Booking/CreateAndProcessPayment HTTP/1.1" 400 None - 33128
2026-06-23 15:55:31,692 - ERROR - [ж”Ҝд»ҳ] HTTP 400: {"success":false,"isExternalPayment":false,"showPendingPaymentMessage":false,"booking":{"contact":{"address":"MISSING ADDRESS","city":"MISSING CITY","postalCode":"00000","countryCode":"UA","state":"NA","email":"ltw2018@126.com","firstName":"ANDRII","lastName":"GERTSEV","mobile":"18580215023"},"passengers":[{"id":14800146,"profileId":-2147483648,"firstName":"ANDRII","lastName":"GERTSEV","middleName":"","dateOfBirth":"1979-04-23T00:00:00","title":"MR","gender":"M","country":"UA","nationality":"UA" - 33128
2026-06-23 15:55:31,694 - DEBUG - Starting new HTTPS connection (1): oa.tripto.cn:443 - 33128
2026-06-23 15:55:31,831 - DEBUG - https://oa.tripto.cn:443 "GET /flightoa/order/addorderlog?orderid=5422663731&operator=robot&optname=%E6%94%AF%E4%BB%98%E5%A4%B1%E8%B4%A5&optdesc=%E6%94%AF%E4%BB%98%E5%A4%B1%E8%B4%A5,%20%E8%AF%B7%E6%A3%80%E6%9F%A5%E4%BB%A3%E7%90%86%E4%BA%BA%E8%B4%A6%E6%88%B7&keyWordColor=red HTTP/1.1" 200 None - 33128
2026-06-23 15:55:31,832 - INFO - VU B2B и®ўзҘЁе®ҢжҲҗ: orderno=5422663731, resdict={"orderId": "5422663731", "passenger": "GERTSEV/ANDRII", "bookingAccount": "ltzd01", "airOrderId": "", "coupon": {}, "bookingAccountPwd": "Tripto147258@@", "payCardSource": "", "issueCode": "VUB2B", "issueSource": "VUB2B", "flag": "self", "isFlush": false, "ticketRouteId": 807, "payStatus": "12", "bookingAllPrice": "1726040.0", "rebookingUrl": "", "isvcc": false, "bookingStatus": "1", "need_flash": 0, "bookingOrderId": "5422663731", "bookingCurrency": "VND", "payUrl": "", "forcepay": false, "minProfit": -30.0, "ispay": false, "msg": "ж”Ҝд»ҳеӨұиҙҘ, иҜ·жЈҖжҹҘд»ЈзҗҶдәәиҙҰжҲ·", "paypnr": "", "metadata": "{}", "email": "ltw2018@126.com", "cabin": "L", "bookingIphone": "", "availableCredits": 9609.04, "payCardNo": "", "exchangeRate": "0.000257", "bookingPnr": "", "orderStatus": "0"} - 33128
2026-06-23 15:55:31,833 - INFO - [5422663731] и®ўзҘЁе®ҢжҲҗ (13.5s) payStatus=12 msg=ж”Ҝд»ҳеӨұиҙҘ, иҜ·жЈҖжҹҘд»ЈзҗҶдәәиҙҰжҲ· - 33128
2026-06-23 15:55:31,834 - INFO - 192.168.1.197 - - [23/Jun/2026 15:55:31] "POST /booking HTTP/1.1" 200 - - 33128
